Using pre-set license
Built from '2020.3/china_unity/release' branch; Version is '2020.3.8f1c1 (0b92326fa640) revision 758322'; Using compiler version '192528614'; Build Type 'Release'
OS: 'Windows 10 Pro; OS build 19042.1083; Version 2009; 64bit' Language: 'zh' Physical Memory: 16318 MB
BatchMode: 1, IsHumanControllingUs: 0, StartBugReporterOnCrash: 0, Is64bit: 1, IsPro: 0

 COMMAND LINE ARGUMENTS:
D:\Program\Unity\2020.3.8f1c1\Editor\Unity.exe
-adb2
-batchMode
-noUpm
-name
AssetImportWorker0
-projectPath
D:/Program/Unity_Projects/JTimer
-logFile
Logs/AssetImportWorker0.log
-srvPort
52351
Successfully changed project path to: D:/Program/Unity_Projects/JTimer
D:/Program/Unity_Projects/JTimer
Using Asset Import Pipeline V2.
Refreshing native plugins compatible for Editor in 21.20 ms, found 0 plugins.
Preloading 0 native plugins for Editor in 0.00 ms.
Initialize engine version: 2020.3.8f1c1 (0b92326fa640)
[Subsystems] Discovering subsystems at path D:/Program/Unity/2020.3.8f1c1/Editor/Data/Resources/UnitySubsystems
[Subsystems] Discovering subsystems at path D:/Program/Unity_Projects/JTimer/Assets
GfxDevice: creating device client; threaded=0
Direct3D:
    Version:  Direct3D 11.0 [level 11.1]
    Renderer: NVIDIA GeForce RTX 2070 SUPER (ID=0x1e84)
    Vendor:   
    VRAM:     8011 MB
    Driver:   27.21.14.6663
Initialize mono
Mono path[0] = 'D:/Program/Unity/2020.3.8f1c1/Editor/Data/Managed'
Mono path[1] = 'D:/Program/Unity/2020.3.8f1c1/Editor/Data/MonoBleedingEdge/lib/mono/unityjit'
Mono config path = 'D:/Program/Unity/2020.3.8f1c1/Editor/Data/MonoBleedingEdge/etc'
Using monoOptions --debugger-agent=transport=dt_socket,embedding=1,server=y,suspend=n,address=127.0.0.1:56776
Begin MonoManager ReloadAssembly
Registering precompiled unity dll's ...
Register platform support module: D:/Program/Unity/2020.3.8f1c1/Editor/Data/PlaybackEngines/WindowsStandaloneSupport/UnityEditor.WindowsStandalone.Extensions.dll
Registered in 0.001411 seconds.
Native extension for WindowsStandalone target not found
Refreshing native plugins compatible for Editor in 20.61 ms, found 0 plugins.
Preloading 0 native plugins for Editor in 0.00 ms.
Mono: successfully reloaded assembly
- Completed reload, in  0.657 seconds
Platform modules already initialized, skipping
Registering precompiled user dll's ...
Registered in 0.000467 seconds.
Begin MonoManager ReloadAssembly
Native extension for WindowsStandalone target not found
Refreshing native plugins compatible for Editor in 0.34 ms, found 0 plugins.
Preloading 0 native plugins for Editor in 0.00 ms.
Mono: successfully reloaded assembly
- Completed reload, in  0.773 seconds
Platform modules already initialized, skipping
========================================================================
Worker process is ready to serve import requests
Launched and connected shader compiler UnityShaderCompiler.exe after 0.05 seconds
Refreshing native plugins compatible for Editor in 0.47 ms, found 0 plugins.
Preloading 0 native plugins for Editor in 0.00 ms.
Unloading 1118 Unused Serialized files (Serialized files now loaded: 0)
System memory in use before: 57.1 MB.
System memory in use after: 57.2 MB.

Unloading 9 unused Assets to reduce memory usage. Loaded Objects now: 1561.
Total: 2.453800 ms (FindLiveObjects: 0.335800 ms CreateObjectMapping: 0.050700 ms MarkObjects: 1.921200 ms  DeleteObjects: 0.143100 ms)

========================================================================
Received Import Request.
  path: Assets/JTimer/Scripts/Timer.cs
  artifactKey: Guid(03a68b0df20070445b1514bb84166878) Importer(815301076,1909f56bfc062723c751e8b465ee728b)
Start importing Assets/JTimer/Scripts/Timer.cs using Guid(03a68b0df20070445b1514bb84166878) Importer(815301076,1909f56bfc062723c751e8b465ee728b)  -> (artifact id: '044005f2f8e28ce6be4a48c9f3e08572') in 0.024671 seconds
  Import took 0.044062 seconds .

========================================================================
Received Import Request.
  Time since last request: 312.455959 seconds.
  path: Assets/JTimer/Scripts/Timer.cs
  artifactKey: Guid(03a68b0df20070445b1514bb84166878) Importer(815301076,1909f56bfc062723c751e8b465ee728b)
Start importing Assets/JTimer/Scripts/Timer.cs using Guid(03a68b0df20070445b1514bb84166878) Importer(815301076,1909f56bfc062723c751e8b465ee728b)  -> (artifact id: '98401bf7c860db5432150b0f29f13c42') in 0.002299 seconds
  Import took 0.018765 seconds .

========================================================================
Received Import Request.
  Time since last request: 3.726737 seconds.
  path: Assets/JTimer/Scripts/Timer.cs
  artifactKey: Guid(03a68b0df20070445b1514bb84166878) Importer(815301076,1909f56bfc062723c751e8b465ee728b)
Start importing Assets/JTimer/Scripts/Timer.cs using Guid(03a68b0df20070445b1514bb84166878) Importer(815301076,1909f56bfc062723c751e8b465ee728b)  -> (artifact id: '00ab278ae80a7995fbacfe67b40276a1') in 0.001731 seconds
  Import took 0.003372 seconds .

========================================================================
Received Import Request.
  Time since last request: 392.188007 seconds.
  path: Assets/JTimer/Scripts/Timer.cs
  artifactKey: Guid(03a68b0df20070445b1514bb84166878) Importer(815301076,1909f56bfc062723c751e8b465ee728b)
Start importing Assets/JTimer/Scripts/Timer.cs using Guid(03a68b0df20070445b1514bb84166878) Importer(815301076,1909f56bfc062723c751e8b465ee728b)  -> (artifact id: '2f88bb6521e46b3acd0a4c363d6892cf') in 0.001964 seconds
  Import took 0.003935 seconds .

========================================================================
Received Import Request.
  Time since last request: 49.733739 seconds.
  path: Assets/JTimer/Scripts/Timer.cs
  artifactKey: Guid(03a68b0df20070445b1514bb84166878) Importer(815301076,1909f56bfc062723c751e8b465ee728b)
Start importing Assets/JTimer/Scripts/Timer.cs using Guid(03a68b0df20070445b1514bb84166878) Importer(815301076,1909f56bfc062723c751e8b465ee728b)  -> (artifact id: '9233f17e59a80ed2df19f02cb746c978') in 0.001996 seconds
  Import took 0.003777 seconds .

========================================================================
Received Import Request.
  Time since last request: 41.665238 seconds.
  path: Assets/JTimer/Scripts/Timer.cs
  artifactKey: Guid(03a68b0df20070445b1514bb84166878) Importer(815301076,1909f56bfc062723c751e8b465ee728b)
Start importing Assets/JTimer/Scripts/Timer.cs using Guid(03a68b0df20070445b1514bb84166878) Importer(815301076,1909f56bfc062723c751e8b465ee728b)  -> (artifact id: '0ee48695c8dcc150bf9e0110bc18ffa9') in 0.001994 seconds
  Import took 0.004061 seconds .

========================================================================
Received Import Request.
  Time since last request: 63.297534 seconds.
  path: Assets/JTimer/Scripts/Timer.cs
  artifactKey: Guid(03a68b0df20070445b1514bb84166878) Importer(815301076,1909f56bfc062723c751e8b465ee728b)
Start importing Assets/JTimer/Scripts/Timer.cs using Guid(03a68b0df20070445b1514bb84166878) Importer(815301076,1909f56bfc062723c751e8b465ee728b)  -> (artifact id: '76a405e40db8db79ce7b83cf0dc2a591') in 0.001939 seconds
  Import took 0.003640 seconds .

========================================================================
Received Prepare
Registering precompiled user dll's ...
Registered in 0.000663 seconds.
Begin MonoManager ReloadAssembly
Native extension for WindowsStandalone target not found
Refreshing native plugins compatible for Editor in 0.26 ms, found 0 plugins.
Preloading 0 native plugins for Editor in 0.00 ms.
Mono: successfully reloaded assembly
- Completed reload, in  0.612 seconds
Platform modules already initialized, skipping
Refreshing native plugins compatible for Editor in 0.23 ms, found 0 plugins.
Preloading 0 native plugins for Editor in 0.00 ms.
Unloading 1112 Unused Serialized files (Serialized files now loaded: 0)
System memory in use before: 56.9 MB.
System memory in use after: 57.0 MB.

Unloading 4 unused Assets to reduce memory usage. Loaded Objects now: 1564.
Total: 1.450800 ms (FindLiveObjects: 0.152000 ms CreateObjectMapping: 0.024500 ms MarkObjects: 1.256300 ms  DeleteObjects: 0.017200 ms)

========================================================================
Received Prepare
Registering precompiled user dll's ...
Registered in 0.000430 seconds.
Begin MonoManager ReloadAssembly
Native extension for WindowsStandalone target not found
Refreshing native plugins compatible for Editor in 0.25 ms, found 0 plugins.
Preloading 0 native plugins for Editor in 0.00 ms.
Mono: successfully reloaded assembly
- Completed reload, in  0.603 seconds
Platform modules already initialized, skipping
Refreshing native plugins compatible for Editor in 0.19 ms, found 0 plugins.
Preloading 0 native plugins for Editor in 0.00 ms.
Unloading 1112 Unused Serialized files (Serialized files now loaded: 0)
System memory in use before: 57.0 MB.
System memory in use after: 57.1 MB.

Unloading 4 unused Assets to reduce memory usage. Loaded Objects now: 1567.
Total: 1.718000 ms (FindLiveObjects: 0.150300 ms CreateObjectMapping: 0.026500 ms MarkObjects: 1.525300 ms  DeleteObjects: 0.014800 ms)

========================================================================
Received Prepare
Registering precompiled user dll's ...
Registered in 0.000546 seconds.
Begin MonoManager ReloadAssembly
Native extension for WindowsStandalone target not found
Refreshing native plugins compatible for Editor in 0.25 ms, found 0 plugins.
Preloading 0 native plugins for Editor in 0.00 ms.
Mono: successfully reloaded assembly
- Completed reload, in  0.659 seconds
Platform modules already initialized, skipping
Refreshing native plugins compatible for Editor in 0.24 ms, found 0 plugins.
Preloading 0 native plugins for Editor in 0.00 ms.
Unloading 1112 Unused Serialized files (Serialized files now loaded: 0)
System memory in use before: 57.0 MB.
System memory in use after: 57.1 MB.

Unloading 4 unused Assets to reduce memory usage. Loaded Objects now: 1570.
Total: 1.569000 ms (FindLiveObjects: 0.149600 ms CreateObjectMapping: 0.026300 ms MarkObjects: 1.375900 ms  DeleteObjects: 0.016400 ms)

========================================================================
Received Prepare
Registering precompiled user dll's ...
Registered in 0.000510 seconds.
Begin MonoManager ReloadAssembly
Native extension for WindowsStandalone target not found
Refreshing native plugins compatible for Editor in 0.23 ms, found 0 plugins.
Preloading 0 native plugins for Editor in 0.00 ms.
Mono: successfully reloaded assembly
- Completed reload, in  0.621 seconds
Platform modules already initialized, skipping
Refreshing native plugins compatible for Editor in 0.22 ms, found 0 plugins.
Preloading 0 native plugins for Editor in 0.00 ms.
Unloading 1112 Unused Serialized files (Serialized files now loaded: 0)
System memory in use before: 57.0 MB.
System memory in use after: 57.1 MB.

Unloading 4 unused Assets to reduce memory usage. Loaded Objects now: 1573.
Total: 1.693800 ms (FindLiveObjects: 0.155900 ms CreateObjectMapping: 0.025000 ms MarkObjects: 1.494800 ms  DeleteObjects: 0.016800 ms)

========================================================================
Received Prepare
Registering precompiled user dll's ...
Registered in 0.000469 seconds.
Begin MonoManager ReloadAssembly
Native extension for WindowsStandalone target not found
Refreshing native plugins compatible for Editor in 0.35 ms, found 0 plugins.
Preloading 0 native plugins for Editor in 0.00 ms.
Mono: successfully reloaded assembly
- Completed reload, in  0.634 seconds
Platform modules already initialized, skipping
Refreshing native plugins compatible for Editor in 0.21 ms, found 0 plugins.
Preloading 0 native plugins for Editor in 0.00 ms.
Unloading 1112 Unused Serialized files (Serialized files now loaded: 0)
System memory in use before: 57.0 MB.
System memory in use after: 57.1 MB.

Unloading 4 unused Assets to reduce memory usage. Loaded Objects now: 1576.
Total: 1.809500 ms (FindLiveObjects: 0.159400 ms CreateObjectMapping: 0.025300 ms MarkObjects: 1.606100 ms  DeleteObjects: 0.016900 ms)

========================================================================
Received Prepare
Registering precompiled user dll's ...
Registered in 0.000412 seconds.
Begin MonoManager ReloadAssembly
Native extension for WindowsStandalone target not found
Refreshing native plugins compatible for Editor in 0.24 ms, found 0 plugins.
Preloading 0 native plugins for Editor in 0.00 ms.
Mono: successfully reloaded assembly
- Completed reload, in  0.610 seconds
Platform modules already initialized, skipping
Refreshing native plugins compatible for Editor in 0.18 ms, found 0 plugins.
Preloading 0 native plugins for Editor in 0.00 ms.
Unloading 1112 Unused Serialized files (Serialized files now loaded: 0)
System memory in use before: 57.0 MB.
System memory in use after: 57.1 MB.

Unloading 4 unused Assets to reduce memory usage. Loaded Objects now: 1579.
Total: 1.613200 ms (FindLiveObjects: 0.146500 ms CreateObjectMapping: 0.026700 ms MarkObjects: 1.424300 ms  DeleteObjects: 0.014500 ms)

========================================================================
Received Prepare
Registering precompiled user dll's ...
Registered in 0.000486 seconds.
Begin MonoManager ReloadAssembly
Native extension for WindowsStandalone target not found
Refreshing native plugins compatible for Editor in 0.31 ms, found 0 plugins.
Preloading 0 native plugins for Editor in 0.00 ms.
Mono: successfully reloaded assembly
- Completed reload, in  0.598 seconds
Platform modules already initialized, skipping
Refreshing native plugins compatible for Editor in 0.19 ms, found 0 plugins.
Preloading 0 native plugins for Editor in 0.00 ms.
Unloading 1112 Unused Serialized files (Serialized files now loaded: 0)
System memory in use before: 57.0 MB.
System memory in use after: 57.1 MB.

Unloading 4 unused Assets to reduce memory usage. Loaded Objects now: 1582.
Total: 1.688700 ms (FindLiveObjects: 0.143900 ms CreateObjectMapping: 0.027300 ms MarkObjects: 1.501700 ms  DeleteObjects: 0.014400 ms)

========================================================================
Received Prepare
Registering precompiled user dll's ...
Registered in 0.000430 seconds.
Begin MonoManager ReloadAssembly
Native extension for WindowsStandalone target not found
Refreshing native plugins compatible for Editor in 0.23 ms, found 0 plugins.
Preloading 0 native plugins for Editor in 0.00 ms.
Mono: successfully reloaded assembly
- Completed reload, in  0.624 seconds
Platform modules already initialized, skipping
Refreshing native plugins compatible for Editor in 0.17 ms, found 0 plugins.
Preloading 0 native plugins for Editor in 0.00 ms.
Unloading 1112 Unused Serialized files (Serialized files now loaded: 0)
System memory in use before: 57.0 MB.
System memory in use after: 57.1 MB.

Unloading 4 unused Assets to reduce memory usage. Loaded Objects now: 1585.
Total: 1.516500 ms (FindLiveObjects: 0.162000 ms CreateObjectMapping: 0.028200 ms MarkObjects: 1.311800 ms  DeleteObjects: 0.013600 ms)

========================================================================
Received Prepare
Registering precompiled user dll's ...
Registered in 0.000569 seconds.
Begin MonoManager ReloadAssembly
Native extension for WindowsStandalone target not found
Refreshing native plugins compatible for Editor in 0.23 ms, found 0 plugins.
Preloading 0 native plugins for Editor in 0.00 ms.
Mono: successfully reloaded assembly
- Completed reload, in  0.619 seconds
Platform modules already initialized, skipping
Refreshing native plugins compatible for Editor in 0.25 ms, found 0 plugins.
Preloading 0 native plugins for Editor in 0.00 ms.
Unloading 1112 Unused Serialized files (Serialized files now loaded: 0)
System memory in use before: 57.0 MB.
System memory in use after: 57.1 MB.

Unloading 4 unused Assets to reduce memory usage. Loaded Objects now: 1588.
Total: 1.485500 ms (FindLiveObjects: 0.159900 ms CreateObjectMapping: 0.028900 ms MarkObjects: 1.283400 ms  DeleteObjects: 0.012100 ms)

========================================================================
Received Prepare
Registering precompiled user dll's ...
Registered in 0.000453 seconds.
Begin MonoManager ReloadAssembly
Native extension for WindowsStandalone target not found
Refreshing native plugins compatible for Editor in 0.24 ms, found 0 plugins.
Preloading 0 native plugins for Editor in 0.00 ms.
Mono: successfully reloaded assembly
- Completed reload, in  0.601 seconds
Platform modules already initialized, skipping
Refreshing native plugins compatible for Editor in 0.18 ms, found 0 plugins.
Preloading 0 native plugins for Editor in 0.00 ms.
Unloading 1112 Unused Serialized files (Serialized files now loaded: 0)
System memory in use before: 57.0 MB.
System memory in use after: 57.1 MB.

Unloading 4 unused Assets to reduce memory usage. Loaded Objects now: 1591.
Total: 1.676800 ms (FindLiveObjects: 0.148200 ms CreateObjectMapping: 0.028500 ms MarkObjects: 1.482300 ms  DeleteObjects: 0.016600 ms)

========================================================================
Received Prepare
Registering precompiled user dll's ...
Registered in 0.000447 seconds.
Begin MonoManager ReloadAssembly
Native extension for WindowsStandalone target not found
Refreshing native plugins compatible for Editor in 0.24 ms, found 0 plugins.
Preloading 0 native plugins for Editor in 0.00 ms.
Mono: successfully reloaded assembly
- Completed reload, in  0.607 seconds
Platform modules already initialized, skipping
Refreshing native plugins compatible for Editor in 0.19 ms, found 0 plugins.
Preloading 0 native plugins for Editor in 0.00 ms.
Unloading 1112 Unused Serialized files (Serialized files now loaded: 0)
System memory in use before: 57.0 MB.
System memory in use after: 57.1 MB.

Unloading 4 unused Assets to reduce memory usage. Loaded Objects now: 1594.
Total: 1.484400 ms (FindLiveObjects: 0.149500 ms CreateObjectMapping: 0.025700 ms MarkObjects: 1.297400 ms  DeleteObjects: 0.011000 ms)

========================================================================
Received Prepare
Registering precompiled user dll's ...
Registered in 0.000408 seconds.
Begin MonoManager ReloadAssembly
Native extension for WindowsStandalone target not found
Refreshing native plugins compatible for Editor in 0.23 ms, found 0 plugins.
Preloading 0 native plugins for Editor in 0.00 ms.
Mono: successfully reloaded assembly
- Completed reload, in  0.584 seconds
Platform modules already initialized, skipping
Refreshing native plugins compatible for Editor in 0.23 ms, found 0 plugins.
Preloading 0 native plugins for Editor in 0.00 ms.
Unloading 1112 Unused Serialized files (Serialized files now loaded: 0)
System memory in use before: 57.0 MB.
System memory in use after: 57.1 MB.

Unloading 4 unused Assets to reduce memory usage. Loaded Objects now: 1597.
Total: 1.524500 ms (FindLiveObjects: 0.153600 ms CreateObjectMapping: 0.024400 ms MarkObjects: 1.329600 ms  DeleteObjects: 0.015400 ms)

========================================================================
Received Prepare
Registering precompiled user dll's ...
Registered in 0.000500 seconds.
Begin MonoManager ReloadAssembly
Native extension for WindowsStandalone target not found
Refreshing native plugins compatible for Editor in 0.23 ms, found 0 plugins.
Preloading 0 native plugins for Editor in 0.00 ms.
Mono: successfully reloaded assembly
- Completed reload, in  0.620 seconds
Platform modules already initialized, skipping
Refreshing native plugins compatible for Editor in 0.19 ms, found 0 plugins.
Preloading 0 native plugins for Editor in 0.00 ms.
Unloading 1112 Unused Serialized files (Serialized files now loaded: 0)
System memory in use before: 57.0 MB.
System memory in use after: 57.1 MB.

Unloading 4 unused Assets to reduce memory usage. Loaded Objects now: 1600.
Total: 1.731300 ms (FindLiveObjects: 0.144800 ms CreateObjectMapping: 0.025400 ms MarkObjects: 1.541700 ms  DeleteObjects: 0.017800 ms)

========================================================================
Received Prepare
Registering precompiled user dll's ...
Registered in 0.000434 seconds.
Begin MonoManager ReloadAssembly
Native extension for WindowsStandalone target not found
Refreshing native plugins compatible for Editor in 0.23 ms, found 0 plugins.
Preloading 0 native plugins for Editor in 0.00 ms.
Mono: successfully reloaded assembly
- Completed reload, in  0.621 seconds
Platform modules already initialized, skipping
Refreshing native plugins compatible for Editor in 0.22 ms, found 0 plugins.
Preloading 0 native plugins for Editor in 0.00 ms.
Unloading 1112 Unused Serialized files (Serialized files now loaded: 0)
System memory in use before: 57.0 MB.
System memory in use after: 57.1 MB.

Unloading 4 unused Assets to reduce memory usage. Loaded Objects now: 1603.
Total: 1.723700 ms (FindLiveObjects: 0.148700 ms CreateObjectMapping: 0.025200 ms MarkObjects: 1.534200 ms  DeleteObjects: 0.014000 ms)

========================================================================
Received Prepare
Registering precompiled user dll's ...
Registered in 0.000504 seconds.
Begin MonoManager ReloadAssembly
Native extension for WindowsStandalone target not found
Refreshing native plugins compatible for Editor in 0.23 ms, found 0 plugins.
Preloading 0 native plugins for Editor in 0.00 ms.
Mono: successfully reloaded assembly
- Completed reload, in  0.622 seconds
Platform modules already initialized, skipping
Refreshing native plugins compatible for Editor in 0.22 ms, found 0 plugins.
Preloading 0 native plugins for Editor in 0.00 ms.
Unloading 1112 Unused Serialized files (Serialized files now loaded: 0)
System memory in use before: 57.1 MB.
System memory in use after: 57.2 MB.

Unloading 4 unused Assets to reduce memory usage. Loaded Objects now: 1606.
Total: 1.713200 ms (FindLiveObjects: 0.148200 ms CreateObjectMapping: 0.025400 ms MarkObjects: 1.523900 ms  DeleteObjects: 0.014300 ms)

========================================================================
Received Prepare
Registering precompiled user dll's ...
Registered in 0.000409 seconds.
Begin MonoManager ReloadAssembly
Native extension for WindowsStandalone target not found
Refreshing native plugins compatible for Editor in 0.24 ms, found 0 plugins.
Preloading 0 native plugins for Editor in 0.00 ms.
Mono: successfully reloaded assembly
- Completed reload, in  0.598 seconds
Platform modules already initialized, skipping
Refreshing native plugins compatible for Editor in 0.22 ms, found 0 plugins.
Preloading 0 native plugins for Editor in 0.00 ms.
Unloading 1112 Unused Serialized files (Serialized files now loaded: 0)
System memory in use before: 57.1 MB.
System memory in use after: 57.2 MB.

Unloading 4 unused Assets to reduce memory usage. Loaded Objects now: 1609.
Total: 1.678900 ms (FindLiveObjects: 0.141000 ms CreateObjectMapping: 0.024500 ms MarkObjects: 1.497600 ms  DeleteObjects: 0.014600 ms)

========================================================================
Received Prepare
Registering precompiled user dll's ...
Registered in 0.000531 seconds.
Begin MonoManager ReloadAssembly
Native extension for WindowsStandalone target not found
Refreshing native plugins compatible for Editor in 0.24 ms, found 0 plugins.
Preloading 0 native plugins for Editor in 0.00 ms.
Mono: successfully reloaded assembly
- Completed reload, in  0.610 seconds
Platform modules already initialized, skipping
Refreshing native plugins compatible for Editor in 0.23 ms, found 0 plugins.
Preloading 0 native plugins for Editor in 0.00 ms.
Unloading 1112 Unused Serialized files (Serialized files now loaded: 0)
System memory in use before: 57.1 MB.
System memory in use after: 57.2 MB.

Unloading 4 unused Assets to reduce memory usage. Loaded Objects now: 1612.
Total: 1.667800 ms (FindLiveObjects: 0.149600 ms CreateObjectMapping: 0.025100 ms MarkObjects: 1.475900 ms  DeleteObjects: 0.015700 ms)

========================================================================
Received Prepare
Registering precompiled user dll's ...
Registered in 0.000524 seconds.
Begin MonoManager ReloadAssembly
Native extension for WindowsStandalone target not found
Refreshing native plugins compatible for Editor in 0.23 ms, found 0 plugins.
Preloading 0 native plugins for Editor in 0.00 ms.
Mono: successfully reloaded assembly
- Completed reload, in  0.604 seconds
Platform modules already initialized, skipping
Refreshing native plugins compatible for Editor in 0.22 ms, found 0 plugins.
Preloading 0 native plugins for Editor in 0.00 ms.
Unloading 1112 Unused Serialized files (Serialized files now loaded: 0)
System memory in use before: 57.1 MB.
System memory in use after: 57.2 MB.

Unloading 4 unused Assets to reduce memory usage. Loaded Objects now: 1615.
Total: 1.590000 ms (FindLiveObjects: 0.162500 ms CreateObjectMapping: 0.026200 ms MarkObjects: 1.385900 ms  DeleteObjects: 0.014400 ms)

