Using pre-set license
Built from '2020.3/china_unity/release' branch; Version is '2020.3.8f1c1 (0b92326fa640) revision 758322'; Using compiler version '192528614'; Build Type 'Release'
OS: 'Windows 10 Pro; OS build 19042.1083; Version 2009; 64bit' Language: 'zh' Physical Memory: 16318 MB
BatchMode: 1, IsHumanControllingUs: 0, StartBugReporterOnCrash: 0, Is64bit: 1, IsPro: 0

 COMMAND LINE ARGUMENTS:
D:\Program\Unity\2020.3.8f1c1\Editor\Unity.exe
-adb2
-batchMode
-noUpm
-name
AssetImportWorker0
-projectPath
D:/Program/Unity_Projects/JTimer
-logFile
Logs/AssetImportWorker0.log
-srvPort
62398
Successfully changed project path to: D:/Program/Unity_Projects/JTimer
D:/Program/Unity_Projects/JTimer
Using Asset Import Pipeline V2.
Refreshing native plugins compatible for Editor in 22.01 ms, found 0 plugins.
Preloading 0 native plugins for Editor in 0.00 ms.
Initialize engine version: 2020.3.8f1c1 (0b92326fa640)
[Subsystems] Discovering subsystems at path D:/Program/Unity/2020.3.8f1c1/Editor/Data/Resources/UnitySubsystems
[Subsystems] Discovering subsystems at path D:/Program/Unity_Projects/JTimer/Assets
GfxDevice: creating device client; threaded=0
Direct3D:
    Version:  Direct3D 11.0 [level 11.1]
    Renderer: NVIDIA GeForce RTX 2070 SUPER (ID=0x1e84)
    Vendor:   
    VRAM:     8011 MB
    Driver:   27.21.14.6663
Initialize mono
Mono path[0] = 'D:/Program/Unity/2020.3.8f1c1/Editor/Data/Managed'
Mono path[1] = 'D:/Program/Unity/2020.3.8f1c1/Editor/Data/MonoBleedingEdge/lib/mono/unityjit'
Mono config path = 'D:/Program/Unity/2020.3.8f1c1/Editor/Data/MonoBleedingEdge/etc'
Using monoOptions --debugger-agent=transport=dt_socket,embedding=1,server=y,suspend=n,address=127.0.0.1:56584
Begin MonoManager ReloadAssembly
Registering precompiled unity dll's ...
Register platform support module: D:/Program/Unity/2020.3.8f1c1/Editor/Data/PlaybackEngines/WindowsStandaloneSupport/UnityEditor.WindowsStandalone.Extensions.dll
Registered in 0.001371 seconds.
Native extension for WindowsStandalone target not found
Refreshing native plugins compatible for Editor in 19.84 ms, found 0 plugins.
Preloading 0 native plugins for Editor in 0.00 ms.
Mono: successfully reloaded assembly
- Completed reload, in  0.602 seconds
Platform modules already initialized, skipping
Registering precompiled user dll's ...
Registered in 0.000731 seconds.
Begin MonoManager ReloadAssembly
Native extension for WindowsStandalone target not found
Refreshing native plugins compatible for Editor in 0.23 ms, found 0 plugins.
Preloading 0 native plugins for Editor in 0.00 ms.
Mono: successfully reloaded assembly
- Completed reload, in  0.703 seconds
Platform modules already initialized, skipping
========================================================================
Worker process is ready to serve import requests
Launched and connected shader compiler UnityShaderCompiler.exe after 0.04 seconds
Refreshing native plugins compatible for Editor in 0.38 ms, found 0 plugins.
Preloading 0 native plugins for Editor in 0.00 ms.
Unloading 1118 Unused Serialized files (Serialized files now loaded: 0)
System memory in use before: 57.1 MB.
System memory in use after: 57.2 MB.

Unloading 9 unused Assets to reduce memory usage. Loaded Objects now: 1561.
Total: 1.707300 ms (FindLiveObjects: 0.259600 ms CreateObjectMapping: 0.028600 ms MarkObjects: 1.352100 ms  DeleteObjects: 0.066000 ms)

========================================================================
Received Import Request.
  path: Assets/JTimer/Scripts/Timer.cs
  artifactKey: Guid(03a68b0df20070445b1514bb84166878) Importer(815301076,1909f56bfc062723c751e8b465ee728b)
Start importing Assets/JTimer/Scripts/Timer.cs using Guid(03a68b0df20070445b1514bb84166878) Importer(815301076,1909f56bfc062723c751e8b465ee728b)  -> (artifact id: '5142c784f80e6a0590ef4679d1facbf9') in 0.021082 seconds
  Import took 0.022716 seconds .

========================================================================
Received Import Request.
  Time since last request: 0.000181 seconds.
  path: Assets/JTimer/Scripts/TimerManager.cs
  artifactKey: Guid(8c4f2ec6fea2e4d4383f2b9be8391fe1) Importer(815301076,1909f56bfc062723c751e8b465ee728b)
Start importing Assets/JTimer/Scripts/TimerManager.cs using Guid(8c4f2ec6fea2e4d4383f2b9be8391fe1) Importer(815301076,1909f56bfc062723c751e8b465ee728b)  -> (artifact id: 'a543da3de9242ae3a34dc23472e9ffcd') in 0.002383 seconds
  Import took 0.004012 seconds .

========================================================================
Received Import Request.
  Time since last request: 168.342247 seconds.
  path: Assets/Scenes/TimerTest.cs
  artifactKey: Guid(dd4a5274f84d8d145b7eb762c94fd894) Importer(815301076,1909f56bfc062723c751e8b465ee728b)
Start importing Assets/Scenes/TimerTest.cs using Guid(dd4a5274f84d8d145b7eb762c94fd894) Importer(815301076,1909f56bfc062723c751e8b465ee728b)  -> (artifact id: '83068e238005e0b1de3d1aadbec3dd74') in 0.002202 seconds
  Import took 0.003878 seconds .

========================================================================
Received Import Request.
  Time since last request: 99.834673 seconds.
  path: Assets/Scenes/TimerTest.cs
  artifactKey: Guid(dd4a5274f84d8d145b7eb762c94fd894) Importer(815301076,1909f56bfc062723c751e8b465ee728b)
Start importing Assets/Scenes/TimerTest.cs using Guid(dd4a5274f84d8d145b7eb762c94fd894) Importer(815301076,1909f56bfc062723c751e8b465ee728b)  -> (artifact id: 'd64d533269835a57ae34eff1dadb6257') in 0.002182 seconds
  Import took 0.004033 seconds .

========================================================================
Received Import Request.
  Time since last request: 0.001436 seconds.
  path: Assets/Scenes/TimerTest.cs
  artifactKey: Guid(dd4a5274f84d8d145b7eb762c94fd894) Importer(815301076,1909f56bfc062723c751e8b465ee728b)
Start importing Assets/Scenes/TimerTest.cs using Guid(dd4a5274f84d8d145b7eb762c94fd894) Importer(815301076,1909f56bfc062723c751e8b465ee728b)  -> (artifact id: 'd64d533269835a57ae34eff1dadb6257') in 0.001886 seconds
  Import took 0.003955 seconds .

========================================================================
Received Import Request.
  Time since last request: 4.727422 seconds.
  path: Assets/Scenes/TimerTest.cs
  artifactKey: Guid(dd4a5274f84d8d145b7eb762c94fd894) Importer(815301076,1909f56bfc062723c751e8b465ee728b)
Start importing Assets/Scenes/TimerTest.cs using Guid(dd4a5274f84d8d145b7eb762c94fd894) Importer(815301076,1909f56bfc062723c751e8b465ee728b)  -> (artifact id: '88f484d4479b98b0d46ff33d9c090ce9') in 0.001963 seconds
  Import took 0.003804 seconds .

========================================================================
Received Import Request.
  Time since last request: 0.000831 seconds.
  path: Assets/Scenes/TimerTest.cs
  artifactKey: Guid(dd4a5274f84d8d145b7eb762c94fd894) Importer(815301076,1909f56bfc062723c751e8b465ee728b)
Start importing Assets/Scenes/TimerTest.cs using Guid(dd4a5274f84d8d145b7eb762c94fd894) Importer(815301076,1909f56bfc062723c751e8b465ee728b)  -> (artifact id: '88f484d4479b98b0d46ff33d9c090ce9') in 0.001937 seconds
  Import took 0.003437 seconds .

========================================================================
Received Import Request.
  Time since last request: 12.955278 seconds.
  path: Assets/Scenes/TimerTest.cs
  artifactKey: Guid(dd4a5274f84d8d145b7eb762c94fd894) Importer(815301076,1909f56bfc062723c751e8b465ee728b)
Start importing Assets/Scenes/TimerTest.cs using Guid(dd4a5274f84d8d145b7eb762c94fd894) Importer(815301076,1909f56bfc062723c751e8b465ee728b)  -> (artifact id: 'a9b89b084fa58475c3254dd23d0b5b6a') in 0.001860 seconds
  Import took 0.003450 seconds .

========================================================================
Received Prepare
Registering precompiled user dll's ...
Registered in 0.000493 seconds.
Begin MonoManager ReloadAssembly
Native extension for WindowsStandalone target not found
Refreshing native plugins compatible for Editor in 0.23 ms, found 0 plugins.
Preloading 0 native plugins for Editor in 0.00 ms.
Mono: successfully reloaded assembly
- Completed reload, in  0.611 seconds
Platform modules already initialized, skipping
Refreshing native plugins compatible for Editor in 0.19 ms, found 0 plugins.
Preloading 0 native plugins for Editor in 0.00 ms.
Unloading 1112 Unused Serialized files (Serialized files now loaded: 0)
System memory in use before: 56.9 MB.
System memory in use after: 57.0 MB.

Unloading 4 unused Assets to reduce memory usage. Loaded Objects now: 1564.
Total: 1.597300 ms (FindLiveObjects: 0.148900 ms CreateObjectMapping: 0.027500 ms MarkObjects: 1.403800 ms  DeleteObjects: 0.016000 ms)

========================================================================
Received Prepare
Registering precompiled user dll's ...
Registered in 0.000582 seconds.
Begin MonoManager ReloadAssembly
Native extension for WindowsStandalone target not found
Refreshing native plugins compatible for Editor in 0.26 ms, found 0 plugins.
Preloading 0 native plugins for Editor in 0.00 ms.
Mono: successfully reloaded assembly
- Completed reload, in  0.655 seconds
Platform modules already initialized, skipping
Refreshing native plugins compatible for Editor in 0.24 ms, found 0 plugins.
Preloading 0 native plugins for Editor in 0.00 ms.
Unloading 1112 Unused Serialized files (Serialized files now loaded: 0)
System memory in use before: 57.0 MB.
System memory in use after: 57.1 MB.

Unloading 4 unused Assets to reduce memory usage. Loaded Objects now: 1567.
Total: 1.633100 ms (FindLiveObjects: 0.206100 ms CreateObjectMapping: 0.027500 ms MarkObjects: 1.383000 ms  DeleteObjects: 0.015500 ms)

========================================================================
Received Prepare
Registering precompiled user dll's ...
Registered in 0.000607 seconds.
Begin MonoManager ReloadAssembly
Native extension for WindowsStandalone target not found
Refreshing native plugins compatible for Editor in 0.23 ms, found 0 plugins.
Preloading 0 native plugins for Editor in 0.00 ms.
Mono: successfully reloaded assembly
- Completed reload, in  0.598 seconds
Platform modules already initialized, skipping
Refreshing native plugins compatible for Editor in 0.20 ms, found 0 plugins.
Preloading 0 native plugins for Editor in 0.00 ms.
Unloading 1112 Unused Serialized files (Serialized files now loaded: 0)
System memory in use before: 57.0 MB.
System memory in use after: 57.1 MB.

Unloading 4 unused Assets to reduce memory usage. Loaded Objects now: 1570.
Total: 1.410900 ms (FindLiveObjects: 0.152600 ms CreateObjectMapping: 0.028300 ms MarkObjects: 1.218100 ms  DeleteObjects: 0.011200 ms)

========================================================================
Received Import Request.
  Time since last request: 623.037889 seconds.
  path: Assets/Scenes/TimerTest.cs
  artifactKey: Guid(dd4a5274f84d8d145b7eb762c94fd894) Importer(815301076,1909f56bfc062723c751e8b465ee728b)
Start importing Assets/Scenes/TimerTest.cs using Guid(dd4a5274f84d8d145b7eb762c94fd894) Importer(815301076,1909f56bfc062723c751e8b465ee728b)  -> (artifact id: '8e97d4e97b0c96c9dd4eabad3a7d12ed') in 0.003587 seconds
  Import took 0.005129 seconds .

========================================================================
Received Prepare
Registering precompiled user dll's ...
Registered in 0.000575 seconds.
Begin MonoManager ReloadAssembly
Native extension for WindowsStandalone target not found
Refreshing native plugins compatible for Editor in 0.23 ms, found 0 plugins.
Preloading 0 native plugins for Editor in 0.00 ms.
Mono: successfully reloaded assembly
- Completed reload, in  0.613 seconds
Platform modules already initialized, skipping
Refreshing native plugins compatible for Editor in 0.20 ms, found 0 plugins.
Preloading 0 native plugins for Editor in 0.00 ms.
Unloading 1112 Unused Serialized files (Serialized files now loaded: 0)
System memory in use before: 57.0 MB.
System memory in use after: 57.1 MB.

Unloading 4 unused Assets to reduce memory usage. Loaded Objects now: 1573.
Total: 1.401800 ms (FindLiveObjects: 0.149000 ms CreateObjectMapping: 0.026700 ms MarkObjects: 1.214400 ms  DeleteObjects: 0.010900 ms)

========================================================================
Received Import Request.
  Time since last request: 147.560248 seconds.
  path: Assets/Scenes/TimerTest.cs
  artifactKey: Guid(dd4a5274f84d8d145b7eb762c94fd894) Importer(815301076,1909f56bfc062723c751e8b465ee728b)
Start importing Assets/Scenes/TimerTest.cs using Guid(dd4a5274f84d8d145b7eb762c94fd894) Importer(815301076,1909f56bfc062723c751e8b465ee728b)  -> (artifact id: '2b51821b135ef80ce2738ebbd0400f2f') in 0.003889 seconds
  Import took 0.005479 seconds .

========================================================================
Received Prepare
Registering precompiled user dll's ...
Registered in 0.000628 seconds.
Begin MonoManager ReloadAssembly
Native extension for WindowsStandalone target not found
Refreshing native plugins compatible for Editor in 0.24 ms, found 0 plugins.
Preloading 0 native plugins for Editor in 0.00 ms.
Mono: successfully reloaded assembly
- Completed reload, in  0.640 seconds
Platform modules already initialized, skipping
Refreshing native plugins compatible for Editor in 0.24 ms, found 0 plugins.
Preloading 0 native plugins for Editor in 0.00 ms.
Unloading 1112 Unused Serialized files (Serialized files now loaded: 0)
System memory in use before: 57.0 MB.
System memory in use after: 57.1 MB.

Unloading 4 unused Assets to reduce memory usage. Loaded Objects now: 1576.
Total: 1.779100 ms (FindLiveObjects: 0.172500 ms CreateObjectMapping: 0.025600 ms MarkObjects: 1.562300 ms  DeleteObjects: 0.017000 ms)

========================================================================
Received Prepare
Registering precompiled user dll's ...
Registered in 0.001022 seconds.
Begin MonoManager ReloadAssembly
Native extension for WindowsStandalone target not found
Refreshing native plugins compatible for Editor in 0.23 ms, found 0 plugins.
Preloading 0 native plugins for Editor in 0.00 ms.
Mono: successfully reloaded assembly
- Completed reload, in  0.593 seconds
Platform modules already initialized, skipping
Refreshing native plugins compatible for Editor in 0.19 ms, found 0 plugins.
Preloading 0 native plugins for Editor in 0.00 ms.
Unloading 1112 Unused Serialized files (Serialized files now loaded: 0)
System memory in use before: 57.0 MB.
System memory in use after: 57.1 MB.

Unloading 4 unused Assets to reduce memory usage. Loaded Objects now: 1579.
Total: 1.375400 ms (FindLiveObjects: 0.138700 ms CreateObjectMapping: 0.024300 ms MarkObjects: 1.200500 ms  DeleteObjects: 0.011200 ms)

AssetImportWorkerClient::OnTransportError - code=2 error=End of file
